c:\users\hyper\source\repos\comp3773_lab1\x64\debug\vc143.pdb
c:\users\hyper\source\repos\comp3773_lab1\x64\debug\vc143.idb
c:\users\hyper\source\repos\comp3773_lab1\x64\debug\window2.obj
c:\users\hyper\source\repos\comp3773_lab1\x64\debug\window1.obj
c:\users\hyper\source\repos\comp3773_lab1\x64\debug\main.obj
c:\users\hyper\source\repos\comp3773_lab1\x64\debug\lab1_source.obj
c:\users\hyper\source\repos\comp3773_lab1\x64\debug\comp3773_lab1.pdb
c:\users\hyper\source\repos\comp3773_lab1\x64\debug\comp3773_lab1.tlog\cl.command.1.tlog
c:\users\hyper\source\repos\comp3773_lab1\x64\debug\comp3773_lab1.tlog\cl.items.tlog
c:\users\hyper\source\repos\comp3773_lab1\x64\debug\comp3773_lab1.tlog\cl.read.1.tlog
c:\users\hyper\source\repos\comp3773_lab1\x64\debug\comp3773_lab1.tlog\cl.write.1.tlog
c:\users\hyper\source\repos\comp3773_lab1\x64\debug\comp3773_lab1.tlog\link.23400-cvtres.read.1.tlog
c:\users\hyper\source\repos\comp3773_lab1\x64\debug\comp3773_lab1.tlog\link.23400-cvtres.write.1.tlog
c:\users\hyper\source\repos\comp3773_lab1\x64\debug\comp3773_lab1.tlog\link.23400-rc.read.1.tlog
c:\users\hyper\source\repos\comp3773_lab1\x64\debug\comp3773_lab1.tlog\link.23400-rc.write.1.tlog
c:\users\hyper\source\repos\comp3773_lab1\x64\debug\comp3773_lab1.tlog\link.23400.read.1.tlog
c:\users\hyper\source\repos\comp3773_lab1\x64\debug\comp3773_lab1.tlog\link.23400.read.5.tlog
c:\users\hyper\source\repos\comp3773_lab1\x64\debug\comp3773_lab1.tlog\link.23400.write.1.tlog
c:\users\hyper\source\repos\comp3773_lab1\x64\debug\comp3773_lab1.tlog\link.command.1.tlog
c:\users\hyper\source\repos\comp3773_lab1\x64\debug\comp3773_lab1.tlog\link.read.1.tlog
c:\users\hyper\source\repos\comp3773_lab1\x64\debug\comp3773_lab1.tlog\link.write.1.tlog
